#
# A fatal error has been detected by the Java Runtime Environment:
#
#  EXCEPTION_ACCESS_VIOLATION (0xc0000005) at pc=0x0000000062c5d690, pid=9464, tid=0x0000000000002b6c
#
# JRE version: OpenJDK Runtime Environment (8.0_152-b06) (build 1.8.0_152-release-1136-b06)
# Java VM: OpenJDK 64-Bit Server VM (25.152-b06 mixed mode windows-amd64 compressed oops)
# Problematic frame:
# V  [jvm.dll+0x46d690]
#
# Failed to write core dump. Minidumps are not enabled by default on client versions of Windows
#
# If you would like to submit a bug report, please visit:
#   http://bugreport.java.com/bugreport/crash.jsp
#

---------------  T H R E A D  ---------------

Current thread (0x000000001835d800):  JavaThread "C2 CompilerThread2" daemon [_thread_in_native, id=11116, stack(0x0000000018d50000,0x0000000018e50000)]

siginfo: ExceptionCode=0xc0000005, reading address 0x00000000622b61c0

Registers:
RAX=0x0000000000000000, RBX=0x00000000241d2ea0, RCX=0x00000000622b61c0, RDX=0x0000000000000000
RSP=0x0000000018e4bf20, RBP=0x0000000000000002, RSI=0x0000000000000010, RDI=0x0000000018e4bf70
R8 =0x00000000241d2fe0, R9 =0x000000001eb8adc0, R10=0x00000000627f0000, R11=0x0000000018e4bd40
R12=0x0000000062fb61c0, R13=0x00000000627f0000, R14=0x000000001c0aeb78, R15=0x00000000000003d8
RIP=0x0000000062c5d690, EFLAGS=0x0000000000010246

Top of Stack: (sp=0x0000000018e4bf20)
0x0000000018e4bf20:   0000000018e4e700 00000000241cdfe0
0x0000000018e4bf30:   0000000062fb61c0 0000000062fb61c0
0x0000000018e4bf40:   00000000000003cd 0000000062c5875f
0x0000000018e4bf50:   00000000241d2b80 00000000241d2ea0
0x0000000018e4bf60:   00000000000003cd 0000000018e4c050
0x0000000018e4bf70:   0000000000000000 0000000000000008
0x0000000018e4bf80:   00000000622b61c0 0000000000000000
0x0000000018e4bf90:   00000000241d2ff0 000000000000000e
0x0000000018e4bfa0:   00000000241d2fe0 0000000018e4c340
0x0000000018e4bfb0:   000000001c0ae7a0 0000000018e4c340
0x0000000018e4bfc0:   000000001c0ae790 0000000062c24df1
0x0000000018e4bfd0:   0000000000000000 0000000018e4c0d0
0x0000000018e4bfe0:   0000000000000000 0000000000000007
0x0000000018e4bff0:   0000000000000002 000000001c0ae790
0x0000000018e4c000:   00000000203c2ba0 00000000203c4b90
0x0000000018e4c010:   00000000203cab88 0000000000154d80 

Instructions: (pc=0x0000000062c5d690)
0x0000000062c5d670:   48 8b 4f 20 48 39 04 0e 0f 84 9d 00 00 00 48 8b
0x0000000062c5d680:   0c 0e 33 d2 33 c0 48 89 4f 10 66 0f 1f 44 00 00
0x0000000062c5d690:   83 3c 08 00 0f 85 36 01 00 00 ff c2 48 83 c0 04
0x0000000062c5d6a0:   83 fa 08 72 eb 48 8b 47 30 48 89 44 24 30 48 85 


Register to memory mapping:

RAX=0x0000000000000000 is an unknown value
RBX=0x00000000241d2ea0 is an unknown value
RCX=0x00000000622b61c0 is an unknown value
RDX=0x0000000000000000 is an unknown value
RSP=0x0000000018e4bf20 is pointing into the stack for thread: 0x000000001835d800
RBP=0x0000000000000002 is an unknown value
RSI=0x0000000000000010 is an unknown value
RDI=0x0000000018e4bf70 is pointing into the stack for thread: 0x000000001835d800
R8 =0x00000000241d2fe0 is an unknown value
R9 =0x000000001eb8adc0 is an unknown value
R10=0x00000000627f0000 is an unknown value
R11=0x0000000018e4bd40 is pointing into the stack for thread: 0x000000001835d800
R12=0x0000000062fb61c0 is an unknown value
R13=0x00000000627f0000 is an unknown value
R14=0x000000001c0aeb78 is an unknown value
R15=0x00000000000003d8 is an unknown value


Stack: [0x0000000018d50000,0x0000000018e50000],  sp=0x0000000018e4bf20,  free space=1007k
Native frames: (J=compiled Java code, j=interpreted, Vv=VM code, C=native code)
V  [jvm.dll+0x46d690]
V  [jvm.dll+0x46875f]
V  [jvm.dll+0x434df1]
V  [jvm.dll+0x43f99b]
V  [jvm.dll+0x44226e]
V  [jvm.dll+0x4252c2]
V  [jvm.dll+0x813d8]
V  [jvm.dll+0x81d0f]
V  [jvm.dll+0x21d41f]
V  [jvm.dll+0x26d9aa]
C  [msvcr100.dll+0x21d9f]
C  [msvcr100.dll+0x21e3b]
C  [KERNEL32.DLL+0x13034]
C  [ntdll.dll+0x71471]


Current CompileTask:
C2:5252713 15469       4       com.android.tools.r8.graph.DexEncodedField::collectMixedSectionItems (9 bytes)


---------------  P R O C E S S  ---------------

Java Threads: ( => current thread )
  0x000000001eaa8800 JavaThread "ForkJoinPool.commonPool-worker-2" daemon [_thread_blocked, id=7820, stack(0x000000002d930000,0x000000002da30000)]
  0x000000001eaa9800 JavaThread "ForkJoinPool.commonPool-worker-1" daemon [_thread_blocked, id=2688, stack(0x000000002d830000,0x000000002d930000)]
  0x000000001eaab800 JavaThread "ForkJoinPool.commonPool-worker-0" daemon [_thread_in_native, id=11128, stack(0x000000002d730000,0x000000002d830000)]
  0x000000001eaa8000 JavaThread "ForkJoinPool.commonPool-worker-7" daemon [_thread_in_native, id=10600, stack(0x000000002d630000,0x000000002d730000)]
  0x000000001eaa7000 JavaThread "ForkJoinPool.commonPool-worker-6" daemon [_thread_in_native, id=7088, stack(0x000000002d530000,0x000000002d630000)]
  0x000000001eaab000 JavaThread "ForkJoinPool.commonPool-worker-5" daemon [_thread_in_Java, id=9380, stack(0x000000002d430000,0x000000002d530000)]
  0x000000002157e000 JavaThread "Cache worker for Java compile cache (D:\dev\projects\android\Friday\.gradle\4.6\javaCompile)" [_thread_blocked, id=10776, stack(0x000000002d230000,0x000000002d330000)]
  0x000000002157d800 JavaThread "Task worker for ':' Thread 7" [_thread_blocked, id=12272, stack(0x000000002d130000,0x000000002d230000)]
  0x0000000021583800 JavaThread "Task worker for ':' Thread 6" [_thread_blocked, id=10556, stack(0x000000002d030000,0x000000002d130000)]
  0x0000000021583000 JavaThread "Task worker for ':' Thread 5" [_thread_blocked, id=12284, stack(0x000000002cf30000,0x000000002d030000)]
  0x0000000021581800 JavaThread "Task worker for ':' Thread 4" [_thread_blocked, id=12160, stack(0x000000002ce30000,0x000000002cf30000)]
  0x0000000021580800 JavaThread "Task worker for ':' Thread 3" [_thread_blocked, id=1560, stack(0x000000002cd30000,0x000000002ce30000)]
  0x000000002157f800 JavaThread "Task worker for ':' Thread 2" [_thread_blocked, id=764, stack(0x000000002cc30000,0x000000002cd30000)]
  0x000000002157f000 JavaThread "Task worker for ':'" [_thread_blocked, id=4916, stack(0x000000002cb30000,0x000000002cc30000)]
  0x0000000021582000 JavaThread "Cache worker for Build Output Cleanup Cache (D:\dev\projects\android\Friday\.gradle\buildOutputCleanup)" [_thread_blocked, id=5348, stack(0x000000002ca30000,0x000000002cb30000)]
  0x0000000021576000 JavaThread "Cache worker for task history cache (D:\dev\projects\android\Friday\.gradle\4.6\taskHistory)" [_thread_blocked, id=7272, stack(0x000000002c930000,0x000000002ca30000)]
  0x000000002157c800 JavaThread "Cache worker for file content cache (D:\dev\projects\android\Friday\.gradle\4.6\fileContent)" [_thread_blocked, id=5292, stack(0x000000002c830000,0x000000002c930000)]
  0x0000000021574800 JavaThread "Build operations Thread 8" [_thread_blocked, id=1340, stack(0x000000002c730000,0x000000002c830000)]
  0x000000002157b000 JavaThread "Build operations Thread 7" [_thread_blocked, id=7836, stack(0x000000002c630000,0x000000002c730000)]
  0x0000000021579000 JavaThread "Build operations Thread 6" [_thread_blocked, id=9348, stack(0x000000002c530000,0x000000002c630000)]
  0x0000000021577800 JavaThread "Build operations Thread 5" [_thread_blocked, id=11636, stack(0x000000002c430000,0x000000002c530000)]
  0x000000002157a800 JavaThread "Build operations Thread 4" [_thread_blocked, id=11632, stack(0x000000002c330000,0x000000002c430000)]
  0x0000000021576800 JavaThread "Build operations Thread 3" [_thread_blocked, id=11640, stack(0x000000002c230000,0x000000002c330000)]
  0x000000001c353000 JavaThread "Build operations Thread 2" [_thread_blocked, id=11644, stack(0x000000002c130000,0x000000002c230000)]
  0x000000001c359000 JavaThread "Build operations" [_thread_blocked, id=11648, stack(0x000000002c030000,0x000000002c130000)]
  0x000000001c351800 JavaThread "Cache worker for Artifact transforms cache (C:\Users\softi\.gradle\caches\transforms-1)" [_thread_blocked, id=4808, stack(0x000000002bf30000,0x000000002c030000)]
  0x000000001c351000 JavaThread "Cache worker for file hash cache (D:\dev\projects\android\Friday\.gradle\4.6\fileHashes)" [_thread_blocked, id=12220, stack(0x000000002be30000,0x000000002bf30000)]
  0x000000001c352800 JavaThread "Stdin handler" [_thread_blocked, id=7476, stack(0x000000002bd30000,0x000000002be30000)]
  0x000000001c357000 JavaThread "Asynchronous log dispatcher for DefaultDaemonConnection: socket connection from /127.0.0.1:49899 to /127.0.0.1:49972" [_thread_blocked, id=12236, stack(0x000000002bc30000,0x000000002bd30000)]
  0x000000001c34f800 JavaThread "Daemon worker Thread 2" [_thread_blocked, id=12252, stack(0x000000002bb30000,0x000000002bc30000)]
  0x000000001c356000 JavaThread "Cancel handler" [_thread_blocked, id=12264, stack(0x000000002ba30000,0x000000002bb30000)]
  0x000000001c355800 JavaThread "Handler for socket connection from /127.0.0.1:49899 to /127.0.0.1:49972" [_thread_in_native, id=9884, stack(0x000000002b930000,0x000000002ba30000)]
  0x000000001c354800 JavaThread "Daemon Thread 2" [_thread_blocked, id=11948, stack(0x000000002b830000,0x000000002b930000)]
  0x00000000199f8800 JavaThread "pool-1-thread-1" [_thread_blocked, id=10872, stack(0x0000000025330000,0x0000000025430000)]
  0x000000001c358800 JavaThread "Memory manager" [_thread_blocked, id=9748, stack(0x0000000023060000,0x0000000023160000)]
  0x000000001a45e000 JavaThread "File lock request listener" [_thread_in_native, id=10728, stack(0x000000001bdd0000,0x000000001bed0000)]
  0x000000001a470000 JavaThread "Cache worker for file hash cache (C:\Users\softi\.gradle\caches\4.6\fileHashes)" [_thread_blocked, id=10716, stack(0x000000001bcd0000,0x000000001bdd0000)]
  0x000000001a28e000 JavaThread "Daemon periodic checks" [_thread_blocked, id=10784, stack(0x000000001b0d0000,0x000000001b1d0000)]
  0x000000001a282800 JavaThread "Incoming local TCP Connector on port 49899" [_thread_in_native, id=10792, stack(0x000000001ae60000,0x000000001af60000)]
  0x00000000183f8000 JavaThread "Service Thread" daemon [_thread_blocked, id=4980, stack(0x0000000018f50000,0x0000000019050000)]
  0x0000000018362000 JavaThread "C1 CompilerThread3" daemon [_thread_in_vm, id=7832, stack(0x0000000018e50000,0x0000000018f50000)]
=>0x000000001835d800 JavaThread "C2 CompilerThread2" daemon [_thread_in_native, id=11116, stack(0x0000000018d50000,0x0000000018e50000)]
  0x000000001835b000 JavaThread "C2 CompilerThread1" daemon [_thread_in_native, id=9724, stack(0x0000000018c50000,0x0000000018d50000)]
  0x0000000018359800 JavaThread "C2 CompilerThread0" daemon [_thread_blocked, id=8164, stack(0x0000000018b50000,0x0000000018c50000)]
  0x0000000018357800 JavaThread "Attach Listener" daemon [_thread_blocked, id=9880, stack(0x0000000018a50000,0x0000000018b50000)]
  0x0000000018366000 JavaThread "Signal Dispatcher" daemon [_thread_blocked, id=6272, stack(0x0000000018950000,0x0000000018a50000)]
  0x0000000018350800 JavaThread "Finalizer" daemon [_thread_blocked, id=7256, stack(0x0000000018730000,0x0000000018830000)]
  0x0000000002689800 JavaThread "Reference Handler" daemon [_thread_blocked, id=10276, stack(0x0000000018230000,0x0000000018330000)]
  0x0000000002590800 JavaThread "main" [_thread_blocked, id=6040, stack(0x0000000002490000,0x0000000002590000)]

Other Threads:
  0x0000000016447000 VMThread [stack: 0x0000000018130000,0x0000000018230000] [id=8440]
  0x00000000183f8800 WatcherThread [stack: 0x0000000019050000,0x0000000019150000] [id=10508]

VM state:not at safepoint (normal execution)

VM Mutex/Monitor currently owned by a thread: None

Heap:
 PSYoungGen      total 257024K, used 247990K [0x00000000e0000000, 0x00000000f4880000, 0x0000000100000000)
  eden space 250368K, 96% used [0x00000000e0000000,0x00000000eebbdfa0,0x00000000ef480000)
  from space 6656K, 99% used [0x00000000f4200000,0x00000000f486fc50,0x00000000f4880000)
  to   space 30208K, 0% used [0x00000000f0d80000,0x00000000f0d80000,0x00000000f2b00000)
 ParOldGen       total 131072K, used 67633K [0x00000000a0000000, 0x00000000a8000000, 0x00000000e0000000)
  object space 131072K, 51% used [0x00000000a0000000,0x00000000a420c440,0x00000000a8000000)
 Metaspace       used 83707K, capacity 87972K, committed 88064K, reserved 1126400K
  class space    used 10822K, capacity 11695K, committed 11776K, reserved 1048576K

Card table byte_map: [0x0000000011a50000,0x0000000011d60000] byte_map_base: 0x0000000011550000

Marking Bits: (ParMarkBitMap*) 0x0000000062fb5aa0
 Begin Bits: [0x0000000012760000, 0x0000000013f60000)
 End Bits:   [0x0000000013f60000, 0x0000000015760000)

Polling page: 0x00000000003f0000

CodeCache: size=245760Kb used=43248Kb max_used=43259Kb free=202511Kb
 bounds [0x0000000002690000, 0x0000000005100000, 0x0000000011690000]
 total_blobs=13715 nmethods=12871 adapters=753
 compilation: enabled

Compilation events (10 events):
Event: 5251.407 Thread 0x0000000018362000 nmethod 15549 0x00000000050ed590 code [0x00000000050ed760, 0x00000000050eddd8]
Event: 5251.407 Thread 0x0000000018362000 15550       3       com.android.tools.r8.graph.DexAnnotation::equals (52 bytes)
Event: 5251.407 Thread 0x0000000018362000 nmethod 15550 0x00000000050efd50 code [0x00000000050efee0, 0x00000000050f03a8]
Event: 5251.408 Thread 0x0000000018362000 15551       3       com.android.tools.r8.graph.DexCode::asDexCode (2 bytes)
Event: 5251.408 Thread 0x0000000018362000 nmethod 15551 0x00000000050ed250 code [0x00000000050ed3a0, 0x00000000050ed4f0]
Event: 5251.408 Thread 0x0000000018362000 15552       3       com.android.tools.r8.it.unimi.dsi.fastutil.objects.Object2IntLinkedOpenHashMap$KeySet::iterator (5 bytes)
Event: 5251.408 Thread 0x0000000018359800 nmethod 15545 0x00000000050ef710 code [0x00000000050ef860, 0x00000000050efa48]
Event: 5251.409 Thread 0x0000000018362000 nmethod 15552 0x00000000050ef050 code [0x00000000050ef1e0, 0x00000000050ef588]
Event: 5251.409 Thread 0x0000000018362000 15553       3       com.android.tools.r8.graph.ParameterAnnotationsList::isEmpty (14 bytes)
Event: 5251.409 Thread 0x0000000018362000 nmethod 15553 0x00000000050eec90 code [0x00000000050eede0, 0x00000000050eef90]

GC Heap History (10 events):
Event: 6.734 GC heap before
{Heap before GC invocations=13 (full 3):
 PSYoungGen      total 239616K, used 17909K [0x00000000e0000000, 0x00000000f0400000, 0x0000000100000000)
  eden space 221696K, 0% used [0x00000000e0000000,0x00000000e0000000,0x00000000ed880000)
  from space 17920K, 99% used [0x00000000eed80000,0x00000000efefd798,0x00000000eff00000)
  to   space 21504K, 0% used [0x00000000ed880000,0x00000000ed880000,0x00000000eed80000)
 ParOldGen       total 85504K, used 24926K [0x00000000a0000000, 0x00000000a5380000, 0x00000000e0000000)
  object space 85504K, 29% used [0x00000000a0000000,0x00000000a1857b48,0x00000000a5380000)
 Metaspace       used 57197K, capacity 58918K, committed 59028K, reserved 1099776K
  class space    used 7760K, capacity 8190K, committed 8192K, reserved 1048576K
Event: 6.933 GC heap after
Heap after GC invocations=13 (full 3):
 PSYoungGen      total 239616K, used 0K [0x00000000e0000000, 0x00000000f0400000, 0x0000000100000000)
  eden space 221696K, 0% used [0x00000000e0000000,0x00000000e0000000,0x00000000ed880000)
  from space 17920K, 0% used [0x00000000eed80000,0x00000000eed80000,0x00000000eff00000)
  to   space 21504K, 0% used [0x00000000ed880000,0x00000000ed880000,0x00000000eed80000)
 ParOldGen       total 131072K, used 35502K [0x00000000a0000000, 0x00000000a8000000, 0x00000000e0000000)
  object space 131072K, 27% used [0x00000000a0000000,0x00000000a22aba30,0x00000000a8000000)
 Metaspace       used 57197K, capacity 58918K, committed 59028K, reserved 1099776K
  class space    used 7760K, capacity 8190K, committed 8192K, reserved 1048576K
}
Event: 13.055 GC heap before
{Heap before GC invocations=14 (full 3):
 PSYoungGen      total 239616K, used 221696K [0x00000000e0000000, 0x00000000f0400000, 0x0000000100000000)
  eden space 221696K, 100% used [0x00000000e0000000,0x00000000ed880000,0x00000000ed880000)
  from space 17920K, 0% used [0x00000000eed80000,0x00000000eed80000,0x00000000eff00000)
  to   space 21504K, 0% used [0x00000000ed880000,0x00000000ed880000,0x00000000eed80000)
 ParOldGen       total 131072K, used 35502K [0x00000000a0000000, 0x00000000a8000000, 0x00000000e0000000)
  object space 131072K, 27% used [0x00000000a0000000,0x00000000a22aba30,0x00000000a8000000)
 Metaspace       used 63937K, capacity 66156K, committed 66432K, reserved 1105920K
  class space    used 8495K, capacity 9048K, committed 9088K, reserved 1048576K
Event: 13.102 GC heap after
Heap after GC invocations=14 (full 3):
 PSYoungGen      total 243200K, used 20948K [0x00000000e0000000, 0x00000000f3380000, 0x0000000100000000)
  eden space 221696K, 0% used [0x00000000e0000000,0x00000000e0000000,0x00000000ed880000)
  from space 21504K, 97% used [0x00000000ed880000,0x00000000eecf5078,0x00000000eed80000)
  to   space 24064K, 0% used [0x00000000f1c00000,0x00000000f1c00000,0x00000000f3380000)
 ParOldGen       total 131072K, used 35510K [0x00000000a0000000, 0x00000000a8000000, 0x00000000e0000000)
  object space 131072K, 27% used [0x00000000a0000000,0x00000000a22ada30,0x00000000a8000000)
 Metaspace       used 63937K, capacity 66156K, committed 66432K, reserved 1105920K
  class space    used 8495K, capacity 9048K, committed 9088K, reserved 1048576K
}
Event: 16.402 GC heap before
{Heap before GC invocations=15 (full 3):
 PSYoungGen      total 243200K, used 242644K [0x00000000e0000000, 0x00000000f3380000, 0x0000000100000000)
  eden space 221696K, 100% used [0x00000000e0000000,0x00000000ed880000,0x00000000ed880000)
  from space 21504K, 97% used [0x00000000ed880000,0x00000000eecf5078,0x00000000eed80000)
  to   space 24064K, 0% used [0x00000000f1c00000,0x00000000f1c00000,0x00000000f3380000)
 ParOldGen       total 131072K, used 35510K [0x00000000a0000000, 0x00000000a8000000, 0x00000000e0000000)
  object space 131072K, 27% used [0x00000000a0000000,0x00000000a22ada30,0x00000000a8000000)
 Metaspace       used 67116K, capacity 69352K, committed 69632K, reserved 1110016K
  class space    used 8836K, capacity 9388K, committed 9472K, reserved 1048576K
Event: 16.433 GC heap after
Heap after GC invocations=15 (full 3):
 PSYoungGen      total 283648K, used 24059K [0x00000000e0000000, 0x00000000f3d80000, 0x0000000100000000)
  eden space 259584K, 0% used [0x00000000e0000000,0x00000000e0000000,0x00000000efd80000)
  from space 24064K, 99% used [0x00000000f1c00000,0x00000000f337ee78,0x00000000f3380000)
  to   space 31232K, 0% used [0x00000000efd80000,0x00000000efd80000,0x00000000f1c00000)
 ParOldGen       total 131072K, used 45411K [0x00000000a0000000, 0x00000000a8000000, 0x00000000e0000000)
  object space 131072K, 34% used [0x00000000a0000000,0x00000000a2c58ec8,0x00000000a8000000)
 Metaspace       used 67116K, capacity 69352K, committed 69632K, reserved 1110016K
  class space    used 8836K, capacity 9388K, committed 9472K, reserved 1048576K
}
Event: 5215.978 GC heap before
{Heap before GC invocations=16 (full 3):
 PSYoungGen      total 283648K, used 283643K [0x00000000e0000000, 0x00000000f3d80000, 0x0000000100000000)
  eden space 259584K, 100% used [0x00000000e0000000,0x00000000efd80000,0x00000000efd80000)
  from space 24064K, 99% used [0x00000000f1c00000,0x00000000f337ee78,0x00000000f3380000)
  to   space 31232K, 0% used [0x00000000efd80000,0x00000000efd80000,0x00000000f1c00000)
 ParOldGen       total 131072K, used 45411K [0x00000000a0000000, 0x00000000a8000000, 0x00000000e0000000)
  object space 131072K, 34% used [0x00000000a0000000,0x00000000a2c58ec8,0x00000000a8000000)
 Metaspace       used 70028K, capacity 72678K, committed 72704K, reserved 1112064K
  class space    used 9081K, capacity 9710K, committed 9728K, reserved 1048576K
Event: 5216.008 GC heap after
Heap after GC invocations=16 (full 3):
 PSYoungGen      total 290816K, used 4216K [0x00000000e0000000, 0x00000000f6080000, 0x0000000100000000)
  eden space 259584K, 0% used [0x00000000e0000000,0x00000000e0000000,0x00000000efd80000)
  from space 31232K, 13% used [0x00000000efd80000,0x00000000f019e168,0x00000000f1c00000)
  to   space 31232K, 0% used [0x00000000f4200000,0x00000000f4200000,0x00000000f6080000)
 ParOldGen       total 131072K, used 67625K [0x00000000a0000000, 0x00000000a8000000, 0x00000000e0000000)
  object space 131072K, 51% used [0x00000000a0000000,0x00000000a420a440,0x00000000a8000000)
 Metaspace       used 70028K, capacity 72678K, committed 72704K, reserved 1112064K
  class space    used 9081K, capacity 9710K, committed 9728K, reserved 1048576K
}
Event: 5243.168 GC heap before
{Heap before GC invocations=17 (full 3):
 PSYoungGen      total 290816K, used 263800K [0x00000000e0000000, 0x00000000f6080000, 0x0000000100000000)
  eden space 259584K, 100% used [0x00000000e0000000,0x00000000efd80000,0x00000000efd80000)
  from space 31232K, 13% used [0x00000000efd80000,0x00000000f019e168,0x00000000f1c00000)
  to   space 31232K, 0% used [0x00000000f4200000,0x00000000f4200000,0x00000000f6080000)
 ParOldGen       total 131072K, used 67625K [0x00000000a0000000, 0x00000000a8000000, 0x00000000e0000000)
  object space 131072K, 51% used [0x00000000a0000000,0x00000000a420a440,0x00000000a8000000)
 Metaspace       used 72299K, capacity 74962K, committed 75136K, reserved 1114112K
  class space    used 9394K, capacity 10042K, committed 10112K, reserved 1048576K
Event: 5243.183 GC heap after
Heap after GC invocations=17 (full 3):
 PSYoungGen      total 257024K, used 6591K [0x00000000e0000000, 0x00000000f4880000, 0x0000000100000000)
  eden space 250368K, 0% used [0x00000000e0000000,0x00000000e0000000,0x00000000ef480000)
  from space 6656K, 99% used [0x00000000f4200000,0x00000000f486fc50,0x00000000f4880000)
  to   space 30208K, 0% used [0x00000000f0d80000,0x00000000f0d80000,0x00000000f2b00000)
 ParOldGen       total 131072K, used 67633K [0x00000000a0000000, 0x00000000a8000000, 0x00000000e0000000)
  object space 131072K, 51% used [0x00000000a0000000,0x00000000a420c440,0x00000000a8000000)
 Metaspace       used 72299K, capacity 74962K, committed 75136K, reserved 1114112K
  class space    used 9394K, capacity 10042K, committed 10112K, reserved 1048576K
}

Deoptimization events (10 events):
Event: 5251.065 Thread 0x000000001eaa7000 Uncommon trap: reason=predicate action=maybe_recompile pc=0x0000000003db3bb8 method=java.util.LinkedList.remove(Ljava/lang/Object;)Z @ 48
Event: 5251.193 Thread 0x000000001eaab000 Uncommon trap: reason=unstable_if action=reinterpret pc=0x0000000004b3e6a8 method=java.util.TimSort.countRunAndMakeAscending([Ljava/lang/Object;IILjava/util/Comparator;)I @ 27
Event: 5251.255 Thread 0x000000001eaab800 Uncommon trap: reason=unstable_if action=reinterpret pc=0x0000000005055810 method=java.util.IdentityHashMap.containsKey(Ljava/lang/Object;)Z @ 31
Event: 5251.255 Thread 0x000000001eaa7000 Uncommon trap: reason=unstable_if action=reinterpret pc=0x0000000005055810 method=java.util.IdentityHashMap.containsKey(Ljava/lang/Object;)Z @ 31
Event: 5251.255 Thread 0x000000001eaa8000 Uncommon trap: reason=unstable_if action=reinterpret pc=0x0000000005055810 method=java.util.IdentityHashMap.containsKey(Ljava/lang/Object;)Z @ 31
Event: 5251.255 Thread 0x000000001eaab000 Uncommon trap: reason=unstable_if action=reinterpret pc=0x0000000005055810 method=java.util.IdentityHashMap.containsKey(Ljava/lang/Object;)Z @ 31
Event: 5251.262 Thread 0x000000001eaa7000 Uncommon trap: reason=unstable_if action=reinterpret pc=0x000000000507f1f0 method=com.android.tools.r8.it.unimi.dsi.fastutil.objects.Reference2IntLinkedOpenHashMap.insert(Ljava/lang/Object;I)I @ 213
Event: 5251.265 Thread 0x000000001eaab800 Uncommon trap: reason=unstable_if action=reinterpret pc=0x000000000505b414 method=java.util.IdentityHashMap.containsKey(Ljava/lang/Object;)Z @ 38
Event: 5251.265 Thread 0x000000001eaa8000 Uncommon trap: reason=unstable_if action=reinterpret pc=0x000000000505b414 method=java.util.IdentityHashMap.containsKey(Ljava/lang/Object;)Z @ 38
Event: 5251.265 Thread 0x000000001eaa7000 Uncommon trap: reason=unstable_if action=reinterpret pc=0x000000000505b414 method=java.util.IdentityHashMap.containsKey(Ljava/lang/Object;)Z @ 38

Classes redefined (0 events):
No events

Internal exceptions (10 events):
Event: 5251.387 Thread 0x000000001eaa7000 Exception <a 'sun/nio/fs/WindowsException'> (0x00000000edfda898) thrown at [D:\src\AOSP-openjdk-cygwin\jdk8u\hotspot\src\share\vm\prims\jni.cpp, line 709]
Event: 5251.390 Thread 0x000000001eaab800 Exception <a 'sun/nio/fs/WindowsException'> (0x00000000edc75dc8) thrown at [D:\src\AOSP-openjdk-cygwin\jdk8u\hotspot\src\share\vm\prims\jni.cpp, line 709]
Event: 5251.391 Thread 0x000000001eaab000 Exception <a 'sun/nio/fs/WindowsException'> (0x00000000ee3fd138) thrown at [D:\src\AOSP-openjdk-cygwin\jdk8u\hotspot\src\share\vm\prims\jni.cpp, line 709]
Event: 5251.397 Thread 0x000000001eaab800 Exception <a 'sun/nio/fs/WindowsException'> (0x00000000ee5df368) thrown at [D:\src\AOSP-openjdk-cygwin\jdk8u\hotspot\src\share\vm\prims\jni.cpp, line 709]
Event: 5251.397 Thread 0x000000001eaab000 Exception <a 'sun/nio/fs/WindowsException'> (0x00000000ee402e60) thrown at [D:\src\AOSP-openjdk-cygwin\jdk8u\hotspot\src\share\vm\prims\jni.cpp, line 709]
Event: 5251.397 Thread 0x000000001eaa7000 Exception <a 'sun/nio/fs/WindowsException'> (0x00000000edfeac80) thrown at [D:\src\AOSP-openjdk-cygwin\jdk8u\hotspot\src\share\vm\prims\jni.cpp, line 709]
Event: 5251.405 Thread 0x000000001eaab800 Exception <a 'sun/nio/fs/WindowsException'> (0x00000000ee5e8328) thrown at [D:\src\AOSP-openjdk-cygwin\jdk8u\hotspot\src\share\vm\prims\jni.cpp, line 709]
Event: 5251.407 Thread 0x000000001eaa7000 Exception <a 'sun/nio/fs/WindowsException'> (0x00000000ee713630) thrown at [D:\src\AOSP-openjdk-cygwin\jdk8u\hotspot\src\share\vm\prims\jni.cpp, line 709]
Event: 5251.407 Thread 0x000000001eaab000 Exception <a 'sun/nio/fs/WindowsException'> (0x00000000ee408ae8) thrown at [D:\src\AOSP-openjdk-cygwin\jdk8u\hotspot\src\share\vm\prims\jni.cpp, line 709]
Event: 5251.409 Thread 0x000000001eaa8000 Exception <a 'sun/nio/fs/WindowsException'> (0x00000000ee244790) thrown at [D:\src\AOSP-openjdk-cygwin\jdk8u\hotspot\src\share\vm\prims\jni.cpp, line 709]

Events (10 events):
Event: 5251.280 loading class java/util/IdentityHashMap$KeyIterator
Event: 5251.280 loading class java/util/IdentityHashMap$KeyIterator done
Event: 5251.281 loading class sun/nio/fs/AbstractPath$1
Event: 5251.281 loading class sun/nio/fs/AbstractPath$1 done
Event: 5251.285 loading class com/android/tools/r8/com/google/common/io/Closer
Event: 5251.285 loading class com/android/tools/r8/com/google/common/io/Closer done
Event: 5251.286 loading class com/android/tools/r8/com/google/common/io/Closer$Suppressor
Event: 5251.286 loading class com/android/tools/r8/com/google/common/io/Closer$Suppressor done
Event: 5251.286 loading class com/android/tools/r8/com/google/common/io/Closer$SuppressingSuppressor
Event: 5251.286 loading class com/android/tools/r8/com/google/common/io/Closer$SuppressingSuppressor done


Dynamic libraries:
0x00007ff612650000 - 0x00007ff612681000 	D:\dev\ide\AndroidStudio\jre\bin\java.exe
0x00007ffd76270000 - 0x00007ffd76451000 	C:\Windows\SYSTEM32\ntdll.dll
0x00007ffd75ca0000 - 0x00007ffd75d52000 	C:\Windows\System32\KERNEL32.DLL
0x00007ffd72bf0000 - 0x00007ffd72e63000 	C:\Windows\System32\KERNELBASE.dll
0x00007ffd76190000 - 0x00007ffd76231000 	C:\Windows\System32\ADVAPI32.dll
0x00007ffd75520000 - 0x00007ffd755be000 	C:\Windows\System32\msvcrt.dll
0x00007ffd75210000 - 0x00007ffd7526b000 	C:\Windows\System32\sechost.dll
0x00007ffd75000000 - 0x00007ffd75124000 	C:\Windows\System32\RPCRT4.dll
0x00007ffd75270000 - 0x00007ffd75400000 	C:\Windows\System32\USER32.dll
0x00007ffd72bd0000 - 0x00007ffd72bf0000 	C:\Windows\System32\win32u.dll
0x00007ffd751e0000 - 0x00007ffd75208000 	C:\Windows\System32\GDI32.dll
0x00007ffd726e0000 - 0x00007ffd72872000 	C:\Windows\System32\gdi32full.dll
0x00007ffd72640000 - 0x00007ffd726df000 	C:\Windows\System32\msvcp_win.dll
0x00007ffd73580000 - 0x00007ffd7367a000 	C:\Windows\System32\ucrtbase.dll
0x00007ffd631d0000 - 0x00007ffd63439000 	C:\Windows\WinSxS\amd64_microsoft.windows.common-controls_6595b64144ccf1df_6.0.17134.376_none_fb439a3730647da2\COMCTL32.dll
0x00007ffd75900000 - 0x00007ffd75c23000 	C:\Windows\System32\combase.dll
0x00007ffd73680000 - 0x00007ffd736fa000 	C:\Windows\System32\bcryptPrimitives.dll
0x00007ffd75870000 - 0x00007ffd7589d000 	C:\Windows\System32\IMM32.DLL
0x0000000063e80000 - 0x0000000063f52000 	D:\dev\ide\AndroidStudio\jre\jre\bin\msvcr100.dll
0x00000000627f0000 - 0x0000000063031000 	D:\dev\ide\AndroidStudio\jre\jre\bin\server\jvm.dll
0x00007ffd73760000 - 0x00007ffd73768000 	C:\Windows\System32\PSAPI.DLL
0x00007ffd65100000 - 0x00007ffd65109000 	C:\Windows\SYSTEM32\WSOCK32.dll
0x00007ffd64f20000 - 0x00007ffd64f2a000 	C:\Windows\SYSTEM32\VERSION.dll
0x00007ffd706f0000 - 0x00007ffd70713000 	C:\Windows\SYSTEM32\WINMM.dll
0x00007ffd75c30000 - 0x00007ffd75c9c000 	C:\Windows\System32\WS2_32.dll
0x00007ffd702a0000 - 0x00007ffd702ca000 	C:\Windows\SYSTEM32\winmmbase.dll
0x00007ffd72880000 - 0x00007ffd728c9000 	C:\Windows\System32\cfgmgr32.dll
0x00007ffd6ef10000 - 0x00007ffd6ef1f000 	D:\dev\ide\AndroidStudio\jre\jre\bin\verify.dll
0x00007ffd65120000 - 0x00007ffd65149000 	D:\dev\ide\AndroidStudio\jre\jre\bin\java.dll
0x00007ffd6e8b0000 - 0x00007ffd6e8c6000 	D:\dev\ide\AndroidStudio\jre\jre\bin\zip.dll
0x00007ffd73bc0000 - 0x00007ffd74fff000 	C:\Windows\System32\SHELL32.dll
0x00007ffd75130000 - 0x00007ffd751d9000 	C:\Windows\System32\shcore.dll
0x00007ffd72e70000 - 0x00007ffd7357d000 	C:\Windows\System32\windows.storage.dll
0x00007ffd75740000 - 0x00007ffd75791000 	C:\Windows\System32\shlwapi.dll
0x00007ffd725a0000 - 0x00007ffd725b1000 	C:\Windows\System32\kernel.appcore.dll
0x00007ffd72620000 - 0x00007ffd7263f000 	C:\Windows\System32\profapi.dll
0x00007ffd725c0000 - 0x00007ffd7260c000 	C:\Windows\System32\powrprof.dll
0x00007ffd72610000 - 0x00007ffd7261a000 	C:\Windows\System32\FLTLIB.DLL
0x00007ffd65090000 - 0x00007ffd650aa000 	D:\dev\ide\AndroidStudio\jre\jre\bin\net.dll
0x00007ffd71da0000 - 0x00007ffd71e06000 	C:\Windows\system32\mswsock.dll
0x00007ffd65070000 - 0x00007ffd65081000 	D:\dev\ide\AndroidStudio\jre\jre\bin\nio.dll
0x00007ffd67660000 - 0x00007ffd6767e000 	C:\Users\softi\.gradle\native\25\windows-amd64\native-platform.dll
0x00007ffd65110000 - 0x00007ffd6511d000 	D:\dev\ide\AndroidStudio\jre\jre\bin\management.dll
0x00007ffd71f50000 - 0x00007ffd71f67000 	C:\Windows\SYSTEM32\CRYPTSP.dll
0x00007ffd71980000 - 0x00007ffd719b3000 	C:\Windows\system32\rsaenh.dll
0x00007ffd72080000 - 0x00007ffd720a5000 	C:\Windows\SYSTEM32\bcrypt.dll
0x00007ffd72480000 - 0x00007ffd724a8000 	C:\Windows\SYSTEM32\USERENV.dll
0x00007ffd71f70000 - 0x00007ffd71f7b000 	C:\Windows\SYSTEM32\CRYPTBASE.dll
0x00007ffd71b20000 - 0x00007ffd71b58000 	C:\Windows\SYSTEM32\IPHLPAPI.DLL
0x00007ffd75510000 - 0x00007ffd75518000 	C:\Windows\System32\NSI.dll
0x00007ffd6b730000 - 0x00007ffd6b746000 	C:\Windows\SYSTEM32\dhcpcsvc6.DLL
0x00007ffd6b800000 - 0x00007ffd6b81a000 	C:\Windows\SYSTEM32\dhcpcsvc.DLL
0x00007ffd71670000 - 0x00007ffd716a1000 	C:\Windows\SYSTEM32\ntmarta.dll
0x00007ffd5d2c0000 - 0x00007ffd5d489000 	C:\Windows\SYSTEM32\dbghelp.dll

VM Arguments:
jvm_args: -Xmx1536m -Dfile.encoding=windows-1252 -Duser.country=DE -Duser.language=de -Duser.variant 
java_command: org.gradle.launcher.daemon.bootstrap.GradleDaemon 4.6
java_class_path (initial): C:\Users\softi\.gradle\wrapper\dists\gradle-4.6-all\bcst21l2brirad8k2ben1letg\gradle-4.6\lib\gradle-launcher-4.6.jar
Launcher Type: SUN_STANDARD

Environment Variables:
PATH=C:\Windows\system32;C:\Windows;C:\Windows\System32\Wbem;C:\Windows\System32\WindowsPowerShell\v1.0\;C:\Windows\System32\OpenSSH\;D:\dev\tools\TortoiseSVN\bin;D:\dev\tools\SlikSvn\bin;D:\dev\tools\Git\cmd;C:\Users\softi\AppData\Local\Microsoft\WindowsApps;
USERNAME=softi
OS=Windows_NT
PROCESSOR_IDENTIFIER=Intel64 Family 6 Model 58 Stepping 9, GenuineIntel



---------------  S Y S T E M  ---------------

OS: Windows 10.0 , 64 bit Build 17134 (10.0.17134.1)

CPU:total 8 (initial active 8) (4 cores per cpu, 2 threads per core) family 6 model 58 stepping 9, cmov, cx8, fxsr, mmx, sse, sse2, sse3, ssse3, sse4.1, sse4.2, popcnt, avx, aes, clmul, erms, ht, tsc, tscinvbit, tscinv

Memory: 4k page, physical 8272424k(4260764k free), swap 10238504k(4467460k free)

vm_info: OpenJDK 64-Bit Server VM (25.152-b06) for windows-amd64 JRE (1.8.0_152-release-1136-b06), built by "builder" with MS VC++ 10.0 (VS2010)

time: Sun Nov 04 15:08:55 2018
elapsed time: 5251 seconds (0d 1h 27m 31s)

